-------------------------------------------------------------------------------
Test set: com.demoqa.tests.BrokenImagesPositiveTests
-------------------------------------------------------------------------------
Tests run: 1, Failures: 1, Errors: 0, Skipped: 0, Time elapsed: 11.47 s <<< FAILURE! -- in com.demoqa.tests.BrokenImagesPositiveTests
com.demoqa.tests.BrokenImagesPositiveTests.checkBrokenImages -- Time elapsed: 11.44 s <<< FAILURE!
org.assertj.core.error.AssertJMultipleFailuresError: 

Multiple Failures (1 failure)
-- failure 1 --https://the-internet.herokuapp.com/asdf.jpg - Not Found is a broken link
at BasePage.verifyLinks(BasePage.java:79)
	at com.demoqa.core.BasePage.verifyLinks(BasePage.java:86)
	at com.demoqa.pages.BrokenImagesPage.ceckBrokenImages(BrokenImagesPage.java:25)
	at com.demoqa.tests.BrokenImagesPositiveTests.checkBrokenImages(BrokenImagesPositiveTests.java:23)
	at java.base/java.lang.reflect.Method.invoke(Method.java:568)
	at java.base/java.util.ArrayList.forEach(ArrayList.java:1511)
	at java.base/java.util.ArrayList.forEach(ArrayList.java:1511)

