<?xml version="1.0" encoding="UTF-8"?>
<testsuite xmlns:xsi="http://www.w3.org/2001/XMLSchema-instance" xsi:noNamespaceSchemaLocation="https://maven.apache.org/surefire/maven-surefire-plugin/xsd/surefire-test-report-3.0.xsd" version="3.0" name="com.demoqa.tests.JavaScriptAlertsPositiveTests" time="28.517" tests="5" errors="0" skipped="0" failures="0">
  <properties>
[...]
</properties>
  <testcase name="iAmJSAlert" classname="com.demoqa.tests.JavaScriptAlertsPositiveTests" time="7.381">
    <system-out><![CDATA[19:50:57.939 [main] INFO  com.demoqa.core.TestBase.stopTest - Stop test
19:50:57.942 [main] INFO  com.demoqa.core.TestBase.stopTest - =========================
19:50:57.942 [main] INFO  com.demoqa.core.TestResultLogger.testSuccessful - Test passed: iAmJSAlert()
]]></system-out>
  </testcase>
  <testcase name="alertAlertWithCancelSelectResultTest" classname="com.demoqa.tests.JavaScriptAlertsPositiveTests" time="4.465">
    <system-out><![CDATA[19:51:02.407 [main] INFO  com.demoqa.core.TestBase.stopTest - Stop test
19:51:02.408 [main] INFO  com.demoqa.core.TestBase.stopTest - =========================
19:51:02.408 [main] INFO  com.demoqa.core.TestResultLogger.testSuccessful - Test passed: Verify to 'Cancel' is displayed
]]></system-out>
  </testcase>
  <testcase name="alertAlertWithOKSelectResultTest" classname="com.demoqa.tests.JavaScriptAlertsPositiveTests" time="5.559">
    <system-out><![CDATA[19:51:07.965 [main] INFO  com.demoqa.core.TestBase.stopTest - Stop test
19:51:07.966 [main] INFO  com.demoqa.core.TestBase.stopTest - =========================
19:51:07.966 [main] INFO  com.demoqa.core.TestResultLogger.testSuccessful - Test passed: Verify to 'OK' is displayed
]]></system-out>
  </testcase>
  <testcase name="clickOnJavaScriptAlertsPositiveTest" classname="com.demoqa.tests.JavaScriptAlertsPositiveTests" time="4.102">
    <system-out><![CDATA[19:51:12.066 [main] INFO  com.demoqa.core.TestBase.stopTest - Stop test
19:51:12.067 [main] INFO  com.demoqa.core.TestBase.stopTest - =========================
19:51:12.070 [main] INFO  com.demoqa.core.TestResultLogger.testSuccessful - Test passed: Click on -'JavaScriptAlerts'
]]></system-out>
  </testcase>
  <testcase name="sendMessageToAlertText" classname="com.demoqa.tests.JavaScriptAlertsPositiveTests" time="7.001">
    <system-out><![CDATA[19:51:19.073 [main] INFO  com.demoqa.core.TestBase.stopTest - Stop test
19:51:19.074 [main] INFO  com.demoqa.core.TestBase.stopTest - =========================
19:51:19.074 [main] INFO  com.demoqa.core.TestResultLogger.testSuccessful - Test passed: sendMessageToAlertText()
]]></system-out>
  </testcase>
</testsuite>