<?xml version="1.0" encoding="UTF-8"?>
<testsuite xmlns:xsi="http://www.w3.org/2001/XMLSchema-instance" xsi:noNamespaceSchemaLocation="https://maven.apache.org/surefire/maven-surefire-plugin/xsd/surefire-test-report-3.0.xsd" version="3.0" name="com.demoqa.tests.JavaScriptAlertsPositiveTests" time="44.214" tests="5" errors="0" skipped="0" failures="0">
  <properties>
[...]
</properties>
  <testcase name="iAmJSAlert" classname="com.demoqa.tests.JavaScriptAlertsPositiveTests" time="19.434">
    <system-out><![CDATA[18:34:23.502 [main] INFO  com.demoqa.utils.MyListener.beforeGet - Open url - https://the-internet.herokuapp.com/
18:34:26.468 [main] INFO  com.demoqa.core.TestBase.init - Start test iAmJSAlert()
18:34:26.700 [main] INFO  com.demoqa.utils.MyListener.afterFindElement - Element Decorated {[[ChromeDriver: chrome on windows (917f2d455ad5384a905ece248411f0e8)] -> css selector: a[href='/javascript_alerts']]} found
18:34:26.700 [main] INFO  com.demoqa.utils.MyListener.beforeClick - We have to click on element [[ChromeDriver: chrome on windows (917f2d455ad5384a905ece248411f0e8)] -> css selector: a[href='/javascript_alerts']]
18:34:27.035 [main] INFO  com.demoqa.utils.MyListener.afterClick - We clicked on element [[ChromeDriver: chrome on windows (917f2d455ad5384a905ece248411f0e8)] -> css selector: a[href='/javascript_alerts']]
18:34:27.065 [main] INFO  com.demoqa.utils.MyListener.afterFindElement - Element Decorated {[[ChromeDriver: chrome on windows (917f2d455ad5384a905ece248411f0e8)] -> css selector: button[onclick='jsAlert()']]} found
18:34:27.066 [main] INFO  com.demoqa.utils.MyListener.beforeClick - We have to click on element [[ChromeDriver: chrome on windows (917f2d455ad5384a905ece248411f0e8)] -> css selector: button[onclick='jsAlert()']]
18:34:27.169 [main] INFO  com.demoqa.utils.MyListener.afterClick - We clicked on element [[ChromeDriver: chrome on windows (917f2d455ad5384a905ece248411f0e8)] -> css selector: button[onclick='jsAlert()']]
18:34:27.549 [main] INFO  com.demoqa.core.TestBase.tearDown - Stop test
18:34:27.551 [main] INFO  com.demoqa.core.TestBase.tearDown - =========================
18:34:27.575 [main] INFO  com.demoqa.utils.TestResultLogger.testSuccessful - Test passed: iAmJSAlert()
]]></system-out>
  </testcase>
  <testcase name="alertAlertWithCancelSelectResultTest" classname="com.demoqa.tests.JavaScriptAlertsPositiveTests" time="6.038">
    <system-out><![CDATA[18:34:28.400 [main] INFO  com.demoqa.utils.MyListener.beforeGet - Open url - https://the-internet.herokuapp.com/
18:34:32.796 [main] INFO  com.demoqa.core.TestBase.init - Start test Verify to 'Cancel' is displayed
18:34:32.832 [main] INFO  com.demoqa.utils.MyListener.afterFindElement - Element Decorated {[[ChromeDriver: chrome on windows (17afe871447bfea046d57baa3e9222c1)] -> css selector: a[href='/javascript_alerts']]} found
18:34:32.838 [main] INFO  com.demoqa.utils.MyListener.beforeClick - We have to click on element [[ChromeDriver: chrome on windows (17afe871447bfea046d57baa3e9222c1)] -> css selector: a[href='/javascript_alerts']]
18:34:33.172 [main] INFO  com.demoqa.utils.MyListener.afterClick - We clicked on element [[ChromeDriver: chrome on windows (17afe871447bfea046d57baa3e9222c1)] -> css selector: a[href='/javascript_alerts']]
18:34:33.198 [main] INFO  com.demoqa.utils.MyListener.afterFindElement - Element Decorated {[[ChromeDriver: chrome on windows (17afe871447bfea046d57baa3e9222c1)] -> css selector: button[onclick='jsConfirm()']]} found
18:34:33.199 [main] INFO  com.demoqa.utils.MyListener.beforeClick - We have to click on element [[ChromeDriver: chrome on windows (17afe871447bfea046d57baa3e9222c1)] -> css selector: button[onclick='jsConfirm()']]
18:34:33.307 [main] INFO  com.demoqa.utils.MyListener.afterClick - We clicked on element [[ChromeDriver: chrome on windows (17afe871447bfea046d57baa3e9222c1)] -> css selector: button[onclick='jsConfirm()']]
18:34:33.362 [main] INFO  com.demoqa.utils.MyListener.afterFindElement - Element Decorated {[[ChromeDriver: chrome on windows (17afe871447bfea046d57baa3e9222c1)] -> id: result]} found
18:34:33.622 [main] INFO  com.demoqa.core.TestBase.tearDown - Stop test
18:34:33.622 [main] INFO  com.demoqa.core.TestBase.tearDown - =========================
18:34:33.622 [main] INFO  com.demoqa.utils.TestResultLogger.testSuccessful - Test passed: Verify to 'Cancel' is displayed
]]></system-out>
  </testcase>
  <testcase name="alertAlertWithOKSelectResultTest" classname="com.demoqa.tests.JavaScriptAlertsPositiveTests" time="5.507">
    <system-out><![CDATA[18:34:34.415 [main] INFO  com.demoqa.utils.MyListener.beforeGet - Open url - https://the-internet.herokuapp.com/
18:34:38.223 [main] INFO  com.demoqa.core.TestBase.init - Start test Verify to 'OK' is displayed
18:34:38.266 [main] INFO  com.demoqa.utils.MyListener.afterFindElement - Element Decorated {[[ChromeDriver: chrome on windows (586ce3843fe747671d02beabefb43d3c)] -> css selector: a[href='/javascript_alerts']]} found
18:34:38.268 [main] INFO  com.demoqa.utils.MyListener.beforeClick - We have to click on element [[ChromeDriver: chrome on windows (586ce3843fe747671d02beabefb43d3c)] -> css selector: a[href='/javascript_alerts']]
18:34:38.622 [main] INFO  com.demoqa.utils.MyListener.afterClick - We clicked on element [[ChromeDriver: chrome on windows (586ce3843fe747671d02beabefb43d3c)] -> css selector: a[href='/javascript_alerts']]
18:34:38.653 [main] INFO  com.demoqa.utils.MyListener.afterFindElement - Element Decorated {[[ChromeDriver: chrome on windows (586ce3843fe747671d02beabefb43d3c)] -> css selector: button[onclick='jsConfirm()']]} found
18:34:38.655 [main] INFO  com.demoqa.utils.MyListener.beforeClick - We have to click on element [[ChromeDriver: chrome on windows (586ce3843fe747671d02beabefb43d3c)] -> css selector: button[onclick='jsConfirm()']]
18:34:38.773 [main] INFO  com.demoqa.utils.MyListener.afterClick - We clicked on element [[ChromeDriver: chrome on windows (586ce3843fe747671d02beabefb43d3c)] -> css selector: button[onclick='jsConfirm()']]
18:34:38.836 [main] INFO  com.demoqa.utils.MyListener.afterFindElement - Element Decorated {[[ChromeDriver: chrome on windows (586ce3843fe747671d02beabefb43d3c)] -> id: result]} found
18:34:39.129 [main] INFO  com.demoqa.core.TestBase.tearDown - Stop test
18:34:39.129 [main] INFO  com.demoqa.core.TestBase.tearDown - =========================
18:34:39.129 [main] INFO  com.demoqa.utils.TestResultLogger.testSuccessful - Test passed: Verify to 'OK' is displayed
]]></system-out>
  </testcase>
  <testcase name="clickOnJavaScriptAlertsPositiveTest" classname="com.demoqa.tests.JavaScriptAlertsPositiveTests" time="6.39">
    <system-out><![CDATA[18:34:39.913 [main] INFO  com.demoqa.utils.MyListener.beforeGet - Open url - https://the-internet.herokuapp.com/
18:34:44.838 [main] INFO  com.demoqa.core.TestBase.init - Start test Click on -'JavaScriptAlerts'
18:34:44.882 [main] INFO  com.demoqa.utils.MyListener.afterFindElement - Element Decorated {[[ChromeDriver: chrome on windows (36ce2972d5486d2267ac77ef16b07714)] -> css selector: a[href='/javascript_alerts']]} found
18:34:44.883 [main] INFO  com.demoqa.utils.MyListener.beforeClick - We have to click on element [[ChromeDriver: chrome on windows (36ce2972d5486d2267ac77ef16b07714)] -> css selector: a[href='/javascript_alerts']]
18:34:45.237 [main] INFO  com.demoqa.utils.MyListener.afterClick - We clicked on element [[ChromeDriver: chrome on windows (36ce2972d5486d2267ac77ef16b07714)] -> css selector: a[href='/javascript_alerts']]
18:34:45.259 [main] INFO  com.demoqa.utils.MyListener.afterFindElement - Element Decorated {[[ChromeDriver: chrome on windows (36ce2972d5486d2267ac77ef16b07714)] -> css selector: h3]} found
18:34:45.521 [main] INFO  com.demoqa.core.TestBase.tearDown - Stop test
18:34:45.522 [main] INFO  com.demoqa.core.TestBase.tearDown - =========================
18:34:45.524 [main] INFO  com.demoqa.utils.TestResultLogger.testSuccessful - Test passed: Click on -'JavaScriptAlerts'
]]></system-out>
  </testcase>
  <testcase name="sendMessageToAlertText" classname="com.demoqa.tests.JavaScriptAlertsPositiveTests" time="6.813">
    <system-out><![CDATA[18:34:46.342 [main] INFO  com.demoqa.utils.MyListener.beforeGet - Open url - https://the-internet.herokuapp.com/
18:34:51.568 [main] INFO  com.demoqa.core.TestBase.init - Start test sendMessageToAlertText()
18:34:51.609 [main] INFO  com.demoqa.utils.MyListener.afterFindElement - Element Decorated {[[ChromeDriver: chrome on windows (1ff38b5e0370fb98cc50697d3ba5f451)] -> css selector: a[href='/javascript_alerts']]} found
18:34:51.610 [main] INFO  com.demoqa.utils.MyListener.beforeClick - We have to click on element [[ChromeDriver: chrome on windows (1ff38b5e0370fb98cc50697d3ba5f451)] -> css selector: a[href='/javascript_alerts']]
18:34:51.923 [main] INFO  com.demoqa.utils.MyListener.afterClick - We clicked on element [[ChromeDriver: chrome on windows (1ff38b5e0370fb98cc50697d3ba5f451)] -> css selector: a[href='/javascript_alerts']]
18:34:51.946 [main] INFO  com.demoqa.utils.MyListener.afterFindElement - Element Decorated {[[ChromeDriver: chrome on windows (1ff38b5e0370fb98cc50697d3ba5f451)] -> css selector: button[onclick='jsPrompt()']]} found
18:34:51.947 [main] INFO  com.demoqa.utils.MyListener.beforeClick - We have to click on element [[ChromeDriver: chrome on windows (1ff38b5e0370fb98cc50697d3ba5f451)] -> css selector: button[onclick='jsPrompt()']]
18:34:52.043 [main] INFO  com.demoqa.utils.MyListener.afterClick - We clicked on element [[ChromeDriver: chrome on windows (1ff38b5e0370fb98cc50697d3ba5f451)] -> css selector: button[onclick='jsPrompt()']]
18:34:52.091 [main] INFO  com.demoqa.utils.MyListener.afterFindElement - Element Decorated {[[ChromeDriver: chrome on windows (1ff38b5e0370fb98cc50697d3ba5f451)] -> css selector: #result]} found
18:34:52.336 [main] INFO  com.demoqa.core.TestBase.tearDown - Stop test
18:34:52.336 [main] INFO  com.demoqa.core.TestBase.tearDown - =========================
18:34:52.338 [main] INFO  com.demoqa.utils.TestResultLogger.testSuccessful - Test passed: sendMessageToAlertText()
]]></system-out>
  </testcase>
</testsuite>